2026-03-11 14:25:00,909 - __main__ - INFO - Running AUTODML Pipeline.
2026-03-11 14:25:00,909 - autodml.data_analysis - INFO - Generating data analysis report
2026-03-11 14:25:00,909 - autodml.data_analysis - INFO - Analyzing dataset overview...
2026-03-11 14:25:00,918 - autodml.data_analysis - INFO - Analyzing column statistics...
2026-03-11 14:25:00,923 - autodml.data_analysis - INFO - Analyzing target variable...
2026-03-11 14:25:00,923 - autodml.preprocessing - INFO - Detecting Problem Type.
2026-03-11 14:25:00,925 - autodml.data_analysis - INFO - Analyzing numeric features...
2026-03-11 14:25:00,927 - autodml.preprocessing - INFO - Starting Feature Types Detection.
2026-03-11 14:25:00,927 - autodml.preprocessing - DEBUG - Checking for Null Columns.
2026-03-11 14:25:00,927 - autodml.preprocessing - DEBUG - Checking for Constant Columns.
2026-03-11 14:25:00,938 - autodml.preprocessing - DEBUG - Checking for Null Columns.
2026-03-11 14:25:00,941 - autodml.preprocessing - DEBUG - Checking for Constant Columns.
2026-03-11 14:25:01,674 - autodml.preprocessing - INFO - Feature Detection Completed.
2026-03-11 14:25:01,674 - autodml.data_analysis - WARNING - No numeric columns found in dataset
2026-03-11 14:25:01,674 - autodml.data_analysis - INFO - Analyzing Categorical Features
2026-03-11 14:25:01,674 - autodml.preprocessing - INFO - Starting Feature Types Detection.
2026-03-11 14:25:01,674 - autodml.preprocessing - DEBUG - Checking for Null Columns.
2026-03-11 14:25:01,674 - autodml.preprocessing - DEBUG - Checking for Constant Columns.
2026-03-11 14:25:01,688 - autodml.preprocessing - DEBUG - Checking for Null Columns.
2026-03-11 14:25:01,690 - autodml.preprocessing - DEBUG - Checking for Constant Columns.
2026-03-11 14:25:02,411 - autodml.preprocessing - INFO - Feature Detection Completed.
2026-03-11 14:25:02,411 - autodml.data_analysis - INFO - Analyzed Categorical Columns
2026-03-11 14:25:02,411 - autodml.data_analysis - INFO - Computing correlations...
2026-03-11 14:25:02,411 - autodml.preprocessing - INFO - Starting Feature Types Detection.
2026-03-11 14:25:02,411 - autodml.preprocessing - DEBUG - Checking for Null Columns.
2026-03-11 14:25:02,427 - autodml.preprocessing - DEBUG - Checking for Constant Columns.
2026-03-11 14:25:02,435 - autodml.preprocessing - DEBUG - Checking for Null Columns.
2026-03-11 14:25:02,437 - autodml.preprocessing - DEBUG - Checking for Constant Columns.
2026-03-11 14:25:03,162 - autodml.preprocessing - INFO - Feature Detection Completed.
2026-03-11 14:25:03,179 - autodml.data_analysis - INFO - Data Analysis Report Generated
2026-03-11 14:25:03,179 - autodml.preprocessing - INFO - Starting Preprocessing
2026-03-11 14:25:03,179 - autodml.preprocessing - INFO - Starting Data Validation
2026-03-11 14:25:03,179 - autodml.preprocessing - DEBUG - Checking for error while loading data.
2026-03-11 14:25:03,179 - autodml.preprocessing - DEBUG - Validating dataframe data type.
2026-03-11 14:25:03,179 - autodml.preprocessing - DEBUG - Checking if dataframe is empty.
2026-03-11 14:25:03,182 - autodml.preprocessing - DEBUG - Validating Dataset structure.
2026-03-11 14:25:03,182 - autodml.preprocessing - DEBUG - Checking for empty data columns.
2026-03-11 14:25:03,184 - autodml.preprocessing - DEBUG - Validating target column.
2026-03-11 14:25:03,184 - autodml.preprocessing - DEBUG - Checking for empty dataset.
2026-03-11 14:25:03,186 - autodml.preprocessing - INFO - Data Validation Completed.
2026-03-11 14:25:03,186 - autodml.preprocessing - INFO - Removing Unwanted Columns.
2026-03-11 14:25:03,186 - autodml.preprocessing - DEBUG - Checking for unnamed columns.
2026-03-11 14:25:03,186 - autodml.preprocessing - DEBUG - Checking for constant columns
2026-03-11 14:25:03,187 - autodml.preprocessing - DEBUG - Checking for Duplicate Index Column.
2026-03-11 14:25:03,187 - autodml.preprocessing - DEBUG - Checking for unnamed columns.
2026-03-11 14:25:03,187 - autodml.preprocessing - DEBUG - Checking for constant columns
2026-03-11 14:25:03,192 - autodml.preprocessing - DEBUG - Checking for Duplicate Index Column.
2026-03-11 14:25:03,193 - autodml.preprocessing - INFO - Unwanted Columns Removed.
2026-03-11 14:25:03,193 - autodml.preprocessing - INFO - Starting Feature Types Detection.
2026-03-11 14:25:03,194 - autodml.preprocessing - DEBUG - Checking for Null Columns.
2026-03-11 14:25:03,194 - autodml.preprocessing - DEBUG - Checking for Constant Columns.
2026-03-11 14:25:03,200 - autodml.preprocessing - DEBUG - Checking for Null Columns.
2026-03-11 14:25:03,203 - autodml.preprocessing - DEBUG - Checking for Constant Columns.
2026-03-11 14:25:03,917 - autodml.preprocessing - INFO - Feature Detection Completed.
2026-03-11 14:25:03,917 - autodml.preprocessing - INFO - Detecting Problem Type.
2026-03-11 14:25:03,917 - autodml.preprocessing - INFO - Starting Missing Value Handling.
2026-03-11 14:25:03,933 - autodml.preprocessing - DEBUG - Imputing Categorical Values.
2026-03-11 14:25:03,933 - autodml.preprocessing - DEBUG - Imputing Numerical Values. 
2026-03-11 14:25:03,933 - autodml.preprocessing - INFO - Missing Value Handling Completed.
2026-03-11 14:25:03,933 - autodml.preprocessing - INFO - Initiating Duplicate Value Handling.
2026-03-11 14:25:03,941 - autodml.preprocessing - INFO - Duplicate Value Handling Completed.
2026-03-11 14:25:03,941 - autodml.preprocessing - INFO - Handling Textual Data
2026-03-11 14:25:09,784 - autodml.preprocessing - INFO - Text Feature Handling Completed
2026-03-11 14:25:09,784 - autodml.preprocessing - INFO - Starting Skew Data Handling.
2026-03-11 14:25:09,784 - autodml.preprocessing - INFO - Skewness Handling Completed.
2026-03-11 14:25:09,784 - autodml.preprocessing - INFO - Handling Outliers.
2026-03-11 14:25:09,784 - autodml.preprocessing - INFO - Ouliers Handling Completed.
2026-03-11 14:25:09,788 - autodml.preprocessing - INFO - Extracting Datetime Features.
2026-03-11 14:25:09,789 - autodml.preprocessing - INFO - Datetime Features Extracted.
2026-03-11 14:25:09,789 - autodml.preprocessing - INFO - Starting Encoding.
2026-03-11 14:25:09,795 - autodml.preprocessing - INFO - Encoding Completed.
2026-03-11 14:25:09,796 - autodml.preprocessing - INFO - Starting Feature Scaling.
2026-03-11 14:25:09,817 - autodml.preprocessing - INFO - Feature Scaling Completed.
2026-03-11 14:25:09,817 - autodml.preprocessing - INFO - Dimensionality Reduction Completed.
2026-03-11 14:25:09,817 - autodml.preprocessing - INFO - Preprocessing Completed.
2026-03-11 14:25:09,817 - autodml.modeling - INFO - Initiating Model Training.
2026-03-11 14:25:09,817 - autodml.modeling - DEBUG - Training Classification Model.
2026-03-11 14:25:17,910 - autodml.modeling - INFO - Model Training Completed.
2026-03-11 14:25:17,910 - autodml.modeling - INFO - Selecting Best Model.
2026-03-11 14:25:17,910 - autodml.modeling - INFO - Best Model Selected
2026-03-11 14:25:17,910 - autodml.optimization - INFO - Starting Model Optimization.
2026-03-11 14:25:51,294 - autodml.optimization - INFO - Model Optimization Completed.
2026-03-11 14:25:51,294 - autodml.evaluation - INFO - Initiating Model Evaluation.
2026-03-11 14:25:53,527 - autodml.evaluation - INFO - Evaluation Results: {'Accuracy': 0.9651162790697675, 'Precision': 0.964254944699294, 'Recall': 0.9651162790697675, 'F1': 0.9641717613899059, 'ROC-AUC': 0.8981295676947851, 'Confusion Matrix': array([[887,  10],
       [ 26, 109]])}
2026-03-11 14:25:53,538 - __main__ - INFO - AUTODML Pipeline Finished.
